2018-03-05 22:29:39,167 - access - INFO - user 1234 just logged in
2018-03-05 22:52:15,133 - access - INFO - user 1234 just logged in
2018-03-06 13:41:15,022 - access - INFO - user 1234 just logged in
2018-03-06 20:47:16,203 - access - INFO - user 1234 just logged in
2018-03-06 20:49:50,671 - access - INFO - user 1234 just logged in
2018-03-06 20:55:15,611 - access - INFO - user 1234 just logged in
2018-03-06 20:58:07,100 - access - INFO - user 1234 just logged in
2018-03-07 00:08:42,668 - access - INFO - user 1234 just logged in
2018-03-07 00:10:44,741 - access - INFO - user 1234 just logged in
2018-03-07 00:12:26,826 - access - INFO - user 1234 just logged in
2018-03-07 00:16:24,039 - access - INFO - user 1234 just logged in
2018-03-07 00:18:51,947 - access - INFO - user 1234 just logged in
2018-03-07 00:31:24,909 - access - INFO - user 1234 just logged in
2018-03-07 00:46:48,762 - access - INFO - user 1234 just logged in
2018-03-07 00:55:06,771 - access - INFO - user 1234 just logged in
2018-03-07 08:12:34,911 - access - INFO - user 1234 just logged in
2018-03-08 08:13:01,585 - access - INFO - user 1234 just logged in
2018-03-08 11:48:48,277 - access - INFO - user 1234 just logged in
2018-03-09 08:09:00,341 - access - INFO - user 1234 just logged in
2018-03-09 13:28:27,512 - access - INFO - user 1234 just logged in
2018-03-10 14:21:01,916 - access - INFO - 1001 registered successful!!
2018-03-10 14:24:08,474 - access - INFO - 1002 registered successful!!
2018-03-10 14:53:16,922 - access - WARNING - %s reset password successful!
2018-03-10 14:55:13,513 - access - WARNING - 1001 reset password successful!
2018-03-10 14:55:42,229 - access - WARNING - 1001 reset password successful!
2018-03-10 14:55:42,229 - access - WARNING - 1001 reset password successful!
2018-03-10 14:57:50,274 - access - WARNING - 1001 reset password successful!
2018-03-10 15:10:41,710 - access - WARNING - freeze 1001 successful!
2018-03-10 15:12:33,022 - access - WARNING - unfreeze 1001 successful!
2018-03-10 15:20:29,978 - access - INFO - user 1001 just logged in
2018-03-10 16:20:49,956 - access - INFO - user 1001 just logged in
2018-03-11 14:23:37,828 - access - INFO - user hqs just logged in
2018-03-11 14:24:49,125 - access - INFO - user hqs just logged in
2018-03-11 14:25:37,106 - access - INFO - user hqs just logged in
2018-03-11 14:26:50,964 - access - INFO - user hqs just logged in
2018-03-11 14:38:43,976 - access - INFO - user hqs just logged in
2018-03-11 14:43:27,758 - access - INFO - user hqs just logged in
2018-03-11 14:47:32,145 - access - INFO - user hqs just logged in
2018-03-11 14:48:58,533 - access - INFO - user hqs just logged in
2018-03-11 14:49:29,733 - access - INFO - user hqs just logged in
2018-03-11 14:50:29,592 - access - INFO - user hqs just logged in
2018-03-11 14:51:12,705 - access - INFO - user hqs just logged in
2018-03-11 14:52:16,387 - access - INFO - user hqs just logged in
2018-03-11 14:52:56,335 - access - INFO - user hqs just logged in
2018-03-11 14:56:04,157 - access - INFO - user hqs just logged in
2018-03-11 14:59:43,562 - access - INFO - user hqs just logged in
2018-03-11 15:02:45,108 - access - INFO - user hqs just logged in
2018-03-12 22:06:49,628 - access - INFO - user 2311 just logged in
2018-03-16 12:15:52,502 - access - INFO - user 1002 just logged in
2018-03-16 12:21:40,701 - access - INFO - user zhur just logged in
2018-03-16 12:29:19,800 - access - INFO - user zhur just logged in
2018-03-16 12:30:10,753 - access - INFO - user zhur just logged in
2018-03-16 12:56:54,336 - access - INFO - user zhur just logged in
2018-03-16 12:59:55,305 - access - INFO - user zhur just logged in
2018-03-16 13:05:13,118 - access - INFO - user zhur just logged in
2018-03-16 13:07:35,661 - access - INFO - user zhur just logged in
2018-03-16 13:10:46,397 - access - INFO - user zhur just logged in
2018-03-16 13:12:50,914 - access - INFO - user zhur just logged in
2018-03-16 13:14:59,893 - access - INFO - user zhur just logged in
2018-03-16 13:17:07,319 - access - INFO - user zhur just logged in
2018-03-16 13:33:15,334 - access - INFO - user zhur just logged in
2018-03-16 13:38:41,598 - access - INFO - user zhur just logged in
2018-03-16 13:39:38,345 - access - INFO - user zhur just logged in
2018-03-16 13:41:57,392 - access - INFO - user zhur just logged in
