2018-03-10 22:48:01,203 - access - INFO - hqs registered successful!!
2018-03-10 22:51:53,938 - access - WARNING - hqs reset password successful!
2018-03-10 22:52:46,410 - access - WARNING - freeze hqs successful!
2018-03-10 22:52:46,410 - access - WARNING - freeze hqs successful!
2018-03-10 22:53:17,132 - access - WARNING - unfreeze hqs successful!
2018-03-10 22:53:17,132 - access - WARNING - unfreeze hqs successful!
2018-03-10 22:53:17,132 - access - WARNING - unfreeze hqs successful!
2018-03-11 01:49:32,161 - access - INFO - user hqs just logged in
2018-03-11 01:51:08,415 - access - INFO - user hqs just logged in
2018-03-11 01:56:18,849 - access - INFO - user hqs just logged in
2018-03-11 14:23:37,828 - access - INFO - user hqs just logged in
2018-03-11 14:24:49,125 - access - INFO - user hqs just logged in
2018-03-11 14:25:37,106 - access - INFO - user hqs just logged in
2018-03-11 14:26:50,964 - access - INFO - user hqs just logged in
2018-03-11 14:38:43,976 - access - INFO - user hqs just logged in
2018-03-11 14:43:27,758 - access - INFO - user hqs just logged in
2018-03-11 14:47:32,145 - access - INFO - user hqs just logged in
2018-03-11 14:48:58,533 - access - INFO - user hqs just logged in
2018-03-11 14:49:29,733 - access - INFO - user hqs just logged in
2018-03-11 14:50:29,592 - access - INFO - user hqs just logged in
2018-03-11 14:51:12,705 - access - INFO - user hqs just logged in
2018-03-11 14:52:16,387 - access - INFO - user hqs just logged in
2018-03-11 14:52:56,335 - access - INFO - user hqs just logged in
2018-03-11 14:56:04,157 - access - INFO - user hqs just logged in
2018-03-11 14:59:43,562 - access - INFO - user hqs just logged in
2018-03-11 15:02:45,108 - access - INFO - user hqs just logged in
